<?xml version="1.0" encoding="UTF-8"?>
<!-- Generated by org.testng.reporters.JUnitReportReporter -->
<testsuite skipped="0" hostname="INENLAKSHHL3C" name="testNG.Grouptest" tests="2" failures="0" timestamp="2019-09-09T09:44:13 IST" time="0.016" errors="0">
  <testcase name="runPerformancetest" time="0.002" classname="testNG.Grouptest"/>
  <testcase name="runFunctionalTest" time="0.014" classname="testNG.Grouptest"/>
</testsuite> <!-- testNG.Grouptest -->
