<?xml version="1.0" encoding="UTF-8"?>
<!-- Generated by org.testng.reporters.JUnitReportReporter -->
<testsuite skipped="0" hostname="INENLAKSHHL3C" name="testNG.Basic" tests="1" failures="0" timestamp="2019-09-05T10:07:56 IST" time="0.013" errors="0">
  <testcase name="tester" time="0.013" classname="testNG.Basic"/>
</testsuite> <!-- testNG.Basic -->
