<?xml version="1.0" encoding="UTF-8"?>
<!-- Generated by org.testng.reporters.JUnitReportReporter -->
<testsuite skipped="0" hostname="INENLAKSHHL3C" name="testNG.PrimeNumberDataProvider" tests="3" failures="0" timestamp="2019-09-11T11:36:23 IST" time="0.026" errors="0">
  <testcase name="testPrime" time="0.016" classname="testNG.PrimeNumberDataProvider"/>
  <testcase name="testPrime" time="0.008" classname="testNG.PrimeNumberDataProvider"/>
  <testcase name="testPrime" time="0.002" classname="testNG.PrimeNumberDataProvider"/>
</testsuite> <!-- testNG.PrimeNumberDataProvider -->
