<?xml version="1.0" encoding="UTF-8"?>
<!-- Generated by org.testng.reporters.JUnitReportReporter -->
<testsuite skipped="0" hostname="INENLAKSHHL3C" name="testNG.ExpectedExceptions" tests="2" failures="0" timestamp="2019-09-09T09:47:33 IST" time="0.017" errors="0">
  <testcase name="exceptionmethod" time="0.015" classname="testNG.ExpectedExceptions"/>
  <testcase name="normalmethod" time="0.002" classname="testNG.ExpectedExceptions"/>
</testsuite> <!-- testNG.ExpectedExceptions -->
