<?xml version="1.0" encoding="UTF-8"?>
<!-- Generated by org.testng.reporters.JUnitReportReporter -->
<testsuite skipped="0" hostname="INENLAKSHHL3C" name="testNG.DependsMethodTest" tests="3" failures="0" timestamp="2019-09-09T09:54:00 IST" time="0.016" errors="0">
  <testcase name="last" time="0.002" classname="testNG.DependsMethodTest"/>
  <testcase name="first" time="0.013" classname="testNG.DependsMethodTest"/>
  <testcase name="mid" time="0.001" classname="testNG.DependsMethodTest"/>
</testsuite> <!-- testNG.DependsMethodTest -->
