<?xml version="1.0" encoding="UTF-8"?>
<!-- Generated by org.testng.reporters.JUnitReportReporter -->
<testsuite skipped="0" hostname="INENLAKSHHL3C" name="testNG.Test1" tests="1" failures="0" timestamp="2019-09-09T09:30:19 IST" time="0.002" errors="0">
  <testcase name="testcase1" time="0.002" classname="testNG.Test1"/>
</testsuite> <!-- testNG.Test1 -->
