<?xml version="1.0" encoding="UTF-8"?>
<!-- Generated by org.testng.reporters.JUnitReportReporter -->
<testsuite skipped="0" hostname="INENLAKSHHL3C" name="testNG.TestNGAnnotations" tests="2" failures="0" timestamp="2019-10-04T12:18:33 IST" time="0.009" errors="0">
  <testcase name="testcase1" time="0.007" classname="testNG.TestNGAnnotations"/>
  <testcase name="testcase2" time="0.002" classname="testNG.TestNGAnnotations"/>
</testsuite> <!-- testNG.TestNGAnnotations -->
