<?xml version="1.0" encoding="UTF-8"?>
<!-- Generated by org.testng.reporters.JUnitReportReporter -->
<testsuite skipped="0" hostname="INENLAKSHHL3C" name="testNG.Test2" tests="1" failures="0" timestamp="2019-09-09T09:30:19 IST" time="0.014" errors="0">
  <testcase name="testcase2" time="0.014" classname="testNG.Test2"/>
</testsuite> <!-- testNG.Test2 -->
