<?xml version="1.0" encoding="UTF-8"?>
<!-- Generated by org.testng.reporters.JUnitReportReporter -->
<testsuite skipped="1" hostname="INENLAKSHHL3C" name="testNG.IgnoredMethod" tests="2" failures="0" timestamp="2019-09-09T09:35:26 IST" time="0.013" errors="0">
  <testcase name="donotIgnore" time="0.013" classname="testNG.IgnoredMethod"/>
  <testcase name="ignoredMethod" classname="testNG.IgnoredMethod">
    <skipped/>
  </testcase> <!-- ignoredMethod -->
</testsuite> <!-- testNG.IgnoredMethod -->
