<?xml version="1.0" encoding="UTF-8"?>
<!-- Generated by org.testng.reporters.JUnitReportReporter -->
<testsuite skipped="0" hostname="INENLAKSHHL3C" name="testNG.TestEmployee" tests="2" failures="0" timestamp="2019-09-09T09:22:14 IST" time="0.016" errors="0">
  <testcase name="testAnnualSalary" time="0.015" classname="testNG.TestEmployee"/>
  <testcase name="testApppraisal" time="0.001" classname="testNG.TestEmployee"/>
</testsuite> <!-- testNG.TestEmployee -->
