<?xml version="1.0" encoding="UTF-8"?>
<!-- Generated by org.testng.reporters.JUnitReportReporter -->
<testsuite skipped="0" hostname="INENLAKSHHL3C" name="example.NewTest" tests="1" failures="0" timestamp="13 Sep 2019 04:11:37 GMT" time="10.248" errors="0">
  <testcase name="test" time="10.248" classname="example.NewTest"/>
</testsuite> <!-- example.NewTest -->
