<?xml version="1.0" encoding="UTF-8"?>
<!-- Generated by org.testng.reporters.JUnitReportReporter -->
<testsuite skipped="2" hostname="INENLAKSHHL2C" name="com.auto.scripts.InValidLoginLogout" tests="3" failures="0" timestamp="24 Feb 2019 15:21:50 GMT" time="15.856" errors="0">
  <testcase name="testInValidLoginLogout" time="0.000" classname="com.auto.scripts.InValidLoginLogout">
    <skipped/>
  </testcase> <!-- testInValidLoginLogout -->
  <testcase name="testInValidLoginLogout" time="15.856" classname="com.auto.scripts.InValidLoginLogout"/>
  <testcase name="testInValidLoginLogout" time="0.000" classname="com.auto.scripts.InValidLoginLogout">
    <skipped/>
  </testcase> <!-- testInValidLoginLogout -->
</testsuite> <!-- com.auto.scripts.InValidLoginLogout -->
