<?xml version="1.0" encoding="UTF-8"?>
<!-- Generated by org.testng.reporters.JUnitReportReporter -->
<testsuite skipped="2" hostname="INENLAKSHHL2C" name="com.auto.scripts.VerifyActitimePopup" tests="3" failures="0" timestamp="24 Feb 2019 15:21:50 GMT" time="18.770" errors="0">
  <testcase name="testVerifyActitimePopup" time="0.000" classname="com.auto.scripts.VerifyActitimePopup">
    <skipped/>
  </testcase> <!-- testVerifyActitimePopup -->
  <testcase name="testVerifyActitimePopup" time="18.770" classname="com.auto.scripts.VerifyActitimePopup"/>
  <testcase name="testVerifyActitimePopup" time="0.000" classname="com.auto.scripts.VerifyActitimePopup">
    <skipped/>
  </testcase> <!-- testVerifyActitimePopup -->
</testsuite> <!-- com.auto.scripts.VerifyActitimePopup -->
